情報: Serverのバージョン名:     Apache Tomcat/9.0.64 [土 2月 25 11:25:44 GMT+09:00 2023]
情報: Server ビルド:            Jun 2 2022 19:08:46 UTC [土 2月 25 11:25:44 GMT+09:00 2023]
情報: サーバーのバージョン番号: 9.0.64.0 [土 2月 25 11:25:44 GMT+09:00 2023]
情報: OS 名:                    Windows 11 [土 2月 25 11:25:44 GMT+09:00 2023]
情報: OS バージョン:            10.0 [土 2月 25 11:25:44 GMT+09:00 2023]
情報: アーキテクチャ:           amd64 [土 2月 25 11:25:44 GMT+09:00 2023]
情報: Java Home:                C:\pleiades\2022-06\java\17 [土 2月 25 11:25:44 GMT+09:00 2023]
情報: JVM バージョン:           17.0.3+7 [土 2月 25 11:25:44 GMT+09:00 2023]
情報: JVM ベンダ:               Eclipse Adoptium [土 2月 25 11:25:44 GMT+09:00 2023]
情報: CATALINA_BASE:            C:\Users\calmi\LetsEngineer\curriculum\JavaStudy\.metadata\.plugins\org.eclipse.wst.server.core\tmp0 [土 2月 25 11:25:44 GMT+09:00 2023]
情報: CATALINA_HOME:            C:\pleiades\2022-06\tomcat\9 [土 2月 25 11:25:44 GMT+09:00 2023]
情報: コマンドライン引数:       -XX:+ShowCodeDetailsInExceptionMessages [土 2月 25 11:25:44 GMT+09:00 2023]
情報: コマンドライン引数:       -agentlib:jdwp=transport=dt_socket,suspend=y,address=localhost:57750 [土 2月 25 11:25:44 GMT+09:00 2023]
情報: コマンドライン引数:       -javaagent:C:\pleiades\2022-06\eclipse\configuration\org.eclipse.osgi\215\0\.cp\lib\javaagent-shaded.jar [土 2月 25 11:25:44 GMT+09:00 2023]
情報: コマンドライン引数:       -Dcatalina.base=C:\Users\calmi\LetsEngineer\curriculum\JavaStudy\.metadata\.plugins\org.eclipse.wst.server.core\tmp0 [土 2月 25 11:25:44 GMT+09:00 2023]
情報: コマンドライン引数:       -Dcatalina.home=C:\pleiades\2022-06\tomcat\9 [土 2月 25 11:25:44 GMT+09:00 2023]
情報: コマンドライン引数:       -Dwtp.deploy=C:\Users\calmi\LetsEngineer\curriculum\JavaStudy\.metadata\.plugins\org.eclipse.wst.server.core\tmp0\wtpwebapps [土 2月 25 11:25:44 GMT+09:00 2023]
情報: コマンドライン引数:       --add-opens=java.base/java.lang=ALL-UNNAMED [土 2月 25 11:25:44 GMT+09:00 2023]
情報: コマンドライン引数:       --add-opens=java.base/java.io=ALL-UNNAMED [土 2月 25 11:25:44 GMT+09:00 2023]
情報: コマンドライン引数:       --add-opens=java.base/java.util=ALL-UNNAMED [土 2月 25 11:25:44 GMT+09:00 2023]
情報: コマンドライン引数:       --add-opens=java.base/java.util.concurrent=ALL-UNNAMED [土 2月 25 11:25:44 GMT+09:00 2023]
情報: コマンドライン引数:       --add-opens=java.rmi/sun.rmi.transport=ALL-UNNAMED [土 2月 25 11:25:44 GMT+09:00 2023]
情報: コマンドライン引数:       -Dfile.encoding=UTF-8 [土 2月 25 11:25:44 GMT+09:00 2023]
情報: 商用環境に最適な性能を発揮する APR ベースの Tomcat ネイティブライブラリが java.library.path [C:\pleiades\2022-06\java\17\bin;C:\WINDOWS\Sun\Java\bin;C:\WINDOWS\system32;C:\WINDOWS;C:/pleiades/2022-06/java/17/bin/server;C:/pleiades/2022-06/java/17/bin;C:\Program Files\Common Files\Oracle\Java\javapath;C:\Program Files (x86)\Common Files\Oracle\Java\javapath;C:\Windows\system32;C:\Windows;C:\Windows\System32\Wbem;C:\Windows\System32\WindowsPowerShell\v1.0\;C:\Windows\System32\OpenSSH\;C:\Program Files (x86)\NVIDIA Corporation\PhysX\Common;C:\Program Files\NVIDIA Corporation\NVIDIA NvDLISR;C:\Program Files\Git\cmd;C:\Program Files (x86)\dotnet\;C:\Program Files\Java\jdk-18.0.1.1\bin;;%SystemRoot%\system32;%SystemRoot%;%SystemRoot%\System32\Wbem;%SYSTEMROOT%\System32\WindowsPowerShell\v1.0\;%SYSTEMROOT%\System32\OpenSSH\;C:\Users\calmi\AppData\Local\Microsoft\WindowsApps;C:\Users\calmi\AppData\Local\Programs\Microsoft VS Code\bin;C:\Users\calmi\AppData\Local\GitHubDesktop\bin;;C:\pleiades\2022-06\eclipse;;.] に存在しません。 [土 2月 25 11:25:44 GMT+09:00 2023]
情報: プロトコルハンドラ ["http-nio-8080"] を初期化します。 [土 2月 25 11:25:44 GMT+09:00 2023]
情報: サーバーの初期化 [434]ms [土 2月 25 11:25:44 GMT+09:00 2023]
情報: サービス [Catalina] を起動します [土 2月 25 11:25:44 GMT+09:00 2023]
情報: サーブレットエンジンの起動：[Apache Tomcat/9.0.64] [土 2月 25 11:25:44 GMT+09:00 2023]
情報: 少なくとも1つのJARでTLDをスキャンしましたが、TLDが含まれていませんでした。スキャンしたもののTLDが見つからなかったJARの完全なリストについては、このロガーのデバッグログを有効にしてください。スキャン中に不要なJARをスキップすると、起動時間とJSPのコンパイル時間が短縮されます。 [土 2月 25 11:25:44 GMT+09:00 2023]
情報: 少なくとも1つのJARでTLDをスキャンしましたが、TLDが含まれていませんでした。スキャンしたもののTLDが見つからなかったJARの完全なリストについては、このロガーのデバッグログを有効にしてください。スキャン中に不要なJARをスキップすると、起動時間とJSPのコンパイル時間が短縮されます。 [土 2月 25 11:25:45 GMT+09:00 2023]
情報: 少なくとも1つのJARでTLDをスキャンしましたが、TLDが含まれていませんでした。スキャンしたもののTLDが見つからなかったJARの完全なリストについては、このロガーのデバッグログを有効にしてください。スキャン中に不要なJARをスキップすると、起動時間とJSPのコンパイル時間が短縮されます。 [土 2月 25 11:25:45 GMT+09:00 2023]
情報: プロトコルハンドラー ["http-nio-8080"] を開始しました。 [土 2月 25 11:25:45 GMT+09:00 2023]
情報: サーバーの起動 [917]ms [土 2月 25 11:25:45 GMT+09:00 2023]
